Build started 2/3/2015 5:35:23 PM.
     1>Project "C:\Users\wade.gushikuma\Documents\GitHub\EngineRefactored\engine\engine.vcxproj" on node 2 (Build target(s)).
     1>ClCompile:
         C:\Program Files (x86)\Microsoft Visual Studio 12.0\VC\bin\CL.exe /c /ZI /nologo /W3 /WX- /sdl /Od /Oy- /D GLEW_STATIC /D _MBCS /Gm /EHsc /RTC1 /MDd /GS /fp:precise /Zc:wchar_t /Zc:forScope /Fo"Debug\\" /Fd"Debug\vc120.pdb" /Gd /TP /analyze- /errorReport:prompt Sprite.cpp
         Sprite.cpp
     1>c:\users\wade.gushikuma\documents\github\enginerefactored\engine\sprite.cpp(72): warning C4717: 'Sprite::Draw' : recursive on all control paths, function will cause runtime stack overflow
       Link:
         C:\Program Files (x86)\Microsoft Visual Studio 12.0\VC\bin\link.exe /ERRORREPORT:PROMPT /OUT:"C:\Users\wade.gushikuma\Documents\GitHub\EngineRefactored\Debug\engine.exe" /INCREMENTAL /NOLOGO glew32s.lib opengl32.lib glfw3.lib SOIL.lib kernel32.lib user32.lib gdi32.lib winspool.lib comdlg32.lib advapi32.lib shell32.lib ole32.lib oleaut32.lib uuid.lib odbc32.lib odbccp32.lib /MANIFEST /MANIFESTUAC:"level='asInvoker' uiAccess='false'" /manifest:embed /DEBUG /PDB:"C:\Users\wade.gushikuma\Documents\GitHub\EngineRefactored\Debug\engine.pdb" /TLBID:1 /DYNAMICBASE /NXCOMPAT /IMPLIB:"C:\Users\wade.gushikuma\Documents\GitHub\EngineRefactored\Debug\engine.lib" /MACHINE:X86 Debug\main.obj
         Debug\quad.obj
         Debug\Sprite.obj
     1>LINK : warning LNK4098: defaultlib 'LIBCMT' conflicts with use of other libs; use /NODEFAULTLIB:library
     1>LINK : warning LNK4098: defaultlib 'MSVCRT' conflicts with use of other libs; use /NODEFAULTLIB:library
     1>main.obj : error LNK2019: unresolved external symbol "public: void __thiscall Quad::DrawSprite(void)" (?DrawSprite@Quad@@QAEXXZ) referenced in function _main
     1>C:\Users\wade.gushikuma\Documents\GitHub\EngineRefactored\Debug\engine.exe : fatal error LNK1120: 1 unresolved externals
     1>Done Building Project "C:\Users\wade.gushikuma\Documents\GitHub\EngineRefactored\engine\engine.vcxproj" (Build target(s)) -- FAILED.

Build FAILED.

Time Elapsed 00:00:00.87
